[ 2015-10-19T18:19:57+08:00 ] ::1 /lxl520/kehu/wlcbs/
INFO: [ app_init ] --START--
INFO: Run Behavior\BuildLiteBehavior [ RunTime:0.000000s ]
INFO: [ app_init ] --END-- [ RunTime:0.001000s ]
INFO: [ app_begin ] --START--
INFO: Run Behavior\ReadHtmlCacheBehavior [ RunTime:0.002000s ]
INFO: [ app_begin ] --END-- [ RunTime:0.002000s ]
NOTIC: [8] Use of undefined constant data - assumed 'data' F:\SoftInstall\xampp\htdocs\lxl520\kehu\wlcbs\wlcbs\Home\Controller\IndexController.class.php 第 10 行.

[ 2015-10-19T18:20:43+08:00 ] ::1 /lxl520/kehu/wlcbs/
INFO: [ app_init ] --START--
INFO: Run Behavior\BuildLiteBehavior [ RunTime:0.000000s ]
INFO: [ app_init ] --END-- [ RunTime:0.000000s ]
INFO: [ app_begin ] --START--
INFO: Run Behavior\ReadHtmlCacheBehavior [ RunTime:0.000000s ]
INFO: [ app_begin ] --END-- [ RunTime:0.000000s ]
NOTIC: [8] Use of undefined constant data - assumed 'data' F:\SoftInstall\xampp\htdocs\lxl520\kehu\wlcbs\wlcbs\Home\Controller\IndexController.class.php 第 10 行.
NOTIC: [8] Use of undefined constant message - assumed 'message' F:\SoftInstall\xampp\htdocs\lxl520\kehu\wlcbs\wlcbs\Home\Controller\IndexController.class.php 第 18 行.

[ 2015-10-19T18:20:57+08:00 ] ::1 /lxl520/kehu/wlcbs/index.php
INFO: [ app_init ] --START--
INFO: Run Behavior\BuildLiteBehavior [ RunTime:0.000000s ]
INFO: [ app_init ] --END-- [ RunTime:0.001000s ]
INFO: [ app_begin ] --START--
INFO: Run Behavior\ReadHtmlCacheBehavior [ RunTime:0.001000s ]
INFO: [ app_begin ] --END-- [ RunTime:0.001000s ]
NOTIC: [8] Use of undefined constant data - assumed 'data' F:\SoftInstall\xampp\htdocs\lxl520\kehu\wlcbs\wlcbs\Home\Controller\IndexController.class.php 第 10 行.
NOTIC: [8] Use of undefined constant message - assumed 'message' F:\SoftInstall\xampp\htdocs\lxl520\kehu\wlcbs\wlcbs\Home\Controller\IndexController.class.php 第 18 行.

[ 2015-10-19T18:21:22+08:00 ] ::1 /lxl520/kehu/wlcbs/index.php/home
INFO: [ app_init ] --START--
INFO: Run Behavior\BuildLiteBehavior [ RunTime:0.000000s ]
INFO: [ app_init ] --END-- [ RunTime:0.000000s ]
INFO: [ app_begin ] --START--
INFO: Run Behavior\ReadHtmlCacheBehavior [ RunTime:0.001000s ]
INFO: [ app_begin ] --END-- [ RunTime:0.001000s ]
NOTIC: [8] Use of undefined constant data - assumed 'data' F:\SoftInstall\xampp\htdocs\lxl520\kehu\wlcbs\wlcbs\Home\Controller\IndexController.class.php 第 10 行.
NOTIC: [8] Use of undefined constant message - assumed 'message' F:\SoftInstall\xampp\htdocs\lxl520\kehu\wlcbs\wlcbs\Home\Controller\IndexController.class.php 第 18 行.

[ 2015-10-19T18:21:27+08:00 ] ::1 /lxl520/kehu/wlcbs/index.php/home/index
INFO: [ app_init ] --START--
INFO: Run Behavior\BuildLiteBehavior [ RunTime:0.000000s ]
INFO: [ app_init ] --END-- [ RunTime:0.001000s ]
INFO: [ app_begin ] --START--
INFO: Run Behavior\ReadHtmlCacheBehavior [ RunTime:0.000000s ]
INFO: [ app_begin ] --END-- [ RunTime:0.000000s ]
NOTIC: [8] Use of undefined constant data - assumed 'data' F:\SoftInstall\xampp\htdocs\lxl520\kehu\wlcbs\wlcbs\Home\Controller\IndexController.class.php 第 10 行.
NOTIC: [8] Use of undefined constant message - assumed 'message' F:\SoftInstall\xampp\htdocs\lxl520\kehu\wlcbs\wlcbs\Home\Controller\IndexController.class.php 第 18 行.

[ 2015-10-19T18:21:32+08:00 ] ::1 /lxl520/kehu/wlcbs/index.php/home/index/index
INFO: [ app_init ] --START--
INFO: Run Behavior\BuildLiteBehavior [ RunTime:0.000000s ]
INFO: [ app_init ] --END-- [ RunTime:0.001000s ]
INFO: [ app_begin ] --START--
INFO: Run Behavior\ReadHtmlCacheBehavior [ RunTime:0.001000s ]
INFO: [ app_begin ] --END-- [ RunTime:0.001000s ]
NOTIC: [8] Use of undefined constant data - assumed 'data' F:\SoftInstall\xampp\htdocs\lxl520\kehu\wlcbs\wlcbs\Home\Controller\IndexController.class.php 第 10 行.
NOTIC: [8] Use of undefined constant message - assumed 'message' F:\SoftInstall\xampp\htdocs\lxl520\kehu\wlcbs\wlcbs\Home\Controller\IndexController.class.php 第 18 行.

[ 2015-10-19T18:22:08+08:00 ] ::1 /lxl520/kehu/wlcbs/index.php/home/index/index/action/2
INFO: [ app_init ] --START--
INFO: Run Behavior\BuildLiteBehavior [ RunTime:0.000000s ]
INFO: [ app_init ] --END-- [ RunTime:0.000000s ]
INFO: [ app_begin ] --START--
INFO: Run Behavior\ReadHtmlCacheBehavior [ RunTime:0.001000s ]
INFO: [ app_begin ] --END-- [ RunTime:0.001000s ]
NOTIC: [8] Use of undefined constant data - assumed 'data' F:\SoftInstall\xampp\htdocs\lxl520\kehu\wlcbs\wlcbs\Home\Controller\IndexController.class.php 第 10 行.
INFO: [ app_end ] --START--
INFO: Run Behavior\ShowPageTraceBehavior [ RunTime:0.000000s ]
INFO: [ app_end ] --END-- [ RunTime:0.000000s ]

[ 2015-10-19T18:22:19+08:00 ] ::1 /lxl520/kehu/wlcbs/index.php/home/index/index/action/2
INFO: [ app_init ] --START--
INFO: Run Behavior\BuildLiteBehavior [ RunTime:0.000000s ]
INFO: [ app_init ] --END-- [ RunTime:0.001000s ]
INFO: [ app_begin ] --START--
INFO: Run Behavior\ReadHtmlCacheBehavior [ RunTime:0.000000s ]
INFO: [ app_begin ] --END-- [ RunTime:0.000000s ]
NOTIC: [8] Use of undefined constant data - assumed 'data' F:\SoftInstall\xampp\htdocs\lxl520\kehu\wlcbs\wlcbs\Home\Controller\IndexController.class.php 第 10 行.
INFO: [ app_end ] --START--
INFO: Run Behavior\ShowPageTraceBehavior [ RunTime:0.000000s ]
INFO: [ app_end ] --END-- [ RunTime:0.000000s ]

[ 2015-10-19T18:22:50+08:00 ] ::1 /lxl520/kehu/wlcbs/index.php/home/index/index/action/2/data/10000
INFO: [ app_init ] --START--
INFO: Run Behavior\BuildLiteBehavior [ RunTime:0.000000s ]
INFO: [ app_init ] --END-- [ RunTime:0.000000s ]
INFO: [ app_begin ] --START--
INFO: Run Behavior\ReadHtmlCacheBehavior [ RunTime:0.001000s ]
INFO: [ app_begin ] --END-- [ RunTime:0.001000s ]
NOTIC: [8] Use of undefined constant data - assumed 'data' F:\SoftInstall\xampp\htdocs\lxl520\kehu\wlcbs\wlcbs\Home\Controller\IndexController.class.php 第 10 行.
INFO: [ app_end ] --START--
INFO: Run Behavior\ShowPageTraceBehavior [ RunTime:0.000000s ]
INFO: [ app_end ] --END-- [ RunTime:0.001000s ]

[ 2015-10-19T22:34:32+08:00 ] ::1 /lxl520/kehu/wlcbs/
INFO: [ app_init ] --START--
INFO: Run Behavior\BuildLiteBehavior [ RunTime:0.001000s ]
INFO: [ app_init ] --END-- [ RunTime:0.001000s ]
INFO: [ app_begin ] --START--
INFO: Run Behavior\ReadHtmlCacheBehavior [ RunTime:0.002000s ]
INFO: [ app_begin ] --END-- [ RunTime:0.002000s ]
NOTIC: [8] Use of undefined constant data - assumed 'data' F:\SoftInstall\xampp\htdocs\lxl520\kehu\wlcbs\wlcbs\Home\Controller\IndexController.class.php 第 10 行.

[ 2015-10-19T22:35:26+08:00 ] ::1 /lxl520/kehu/wlcbs/?action=1&data=20010
INFO: [ app_init ] --START--
INFO: Run Behavior\BuildLiteBehavior [ RunTime:0.000000s ]
INFO: [ app_init ] --END-- [ RunTime:0.058003s ]
INFO: [ app_begin ] --START--
INFO: Run Behavior\ReadHtmlCacheBehavior [ RunTime:0.001001s ]
INFO: [ app_begin ] --END-- [ RunTime:0.001001s ]
NOTIC: [8] Use of undefined constant data - assumed 'data' F:\SoftInstall\xampp\htdocs\lxl520\kehu\wlcbs\wlcbs\Home\Controller\IndexController.class.php 第 10 行.
INFO: [ app_end ] --START--
INFO: Run Behavior\ShowPageTraceBehavior [ RunTime:0.000000s ]
INFO: [ app_end ] --END-- [ RunTime:0.000000s ]

[ 2015-10-19T22:35:31+08:00 ] ::1 /lxl520/kehu/wlcbs/?action=1&data=10010
INFO: [ app_init ] --START--
INFO: Run Behavior\BuildLiteBehavior [ RunTime:0.000000s ]
INFO: [ app_init ] --END-- [ RunTime:0.000000s ]
INFO: [ app_begin ] --START--
INFO: Run Behavior\ReadHtmlCacheBehavior [ RunTime:0.000000s ]
INFO: [ app_begin ] --END-- [ RunTime:0.001000s ]
NOTIC: [8] Use of undefined constant data - assumed 'data' F:\SoftInstall\xampp\htdocs\lxl520\kehu\wlcbs\wlcbs\Home\Controller\IndexController.class.php 第 10 行.
INFO: [ app_end ] --START--
INFO: Run Behavior\ShowPageTraceBehavior [ RunTime:0.001001s ]
INFO: [ app_end ] --END-- [ RunTime:0.001001s ]

[ 2015-10-19T22:35:36+08:00 ] ::1 /lxl520/kehu/wlcbs/?action=1&data=30010
INFO: [ app_init ] --START--
INFO: Run Behavior\BuildLiteBehavior [ RunTime:0.000000s ]
INFO: [ app_init ] --END-- [ RunTime:0.001000s ]
INFO: [ app_begin ] --START--
INFO: Run Behavior\ReadHtmlCacheBehavior [ RunTime:0.001000s ]
INFO: [ app_begin ] --END-- [ RunTime:0.001000s ]
NOTIC: [8] Use of undefined constant data - assumed 'data' F:\SoftInstall\xampp\htdocs\lxl520\kehu\wlcbs\wlcbs\Home\Controller\IndexController.class.php 第 10 行.
INFO: [ app_end ] --START--
INFO: Run Behavior\ShowPageTraceBehavior [ RunTime:0.001000s ]
INFO: [ app_end ] --END-- [ RunTime:0.002000s ]

[ 2015-10-19T22:35:38+08:00 ] ::1 /lxl520/kehu/wlcbs/?action=1&data=40010
INFO: [ app_init ] --START--
INFO: Run Behavior\BuildLiteBehavior [ RunTime:0.000000s ]
INFO: [ app_init ] --END-- [ RunTime:0.000000s ]
INFO: [ app_begin ] --START--
INFO: Run Behavior\ReadHtmlCacheBehavior [ RunTime:0.000000s ]
INFO: [ app_begin ] --END-- [ RunTime:0.000000s ]
NOTIC: [8] Use of undefined constant data - assumed 'data' F:\SoftInstall\xampp\htdocs\lxl520\kehu\wlcbs\wlcbs\Home\Controller\IndexController.class.php 第 10 行.
INFO: [ app_end ] --START--
INFO: Run Behavior\ShowPageTraceBehavior [ RunTime:0.000000s ]
INFO: [ app_end ] --END-- [ RunTime:0.000000s ]

[ 2015-10-19T22:35:41+08:00 ] ::1 /lxl520/kehu/wlcbs/?action=1&data=10010
INFO: [ app_init ] --START--
INFO: Run Behavior\BuildLiteBehavior [ RunTime:0.000000s ]
INFO: [ app_init ] --END-- [ RunTime:0.001000s ]
INFO: [ app_begin ] --START--
INFO: Run Behavior\ReadHtmlCacheBehavior [ RunTime:0.001000s ]
INFO: [ app_begin ] --END-- [ RunTime:0.001000s ]
NOTIC: [8] Use of undefined constant data - assumed 'data' F:\SoftInstall\xampp\htdocs\lxl520\kehu\wlcbs\wlcbs\Home\Controller\IndexController.class.php 第 10 行.
INFO: [ app_end ] --START--
INFO: Run Behavior\ShowPageTraceBehavior [ RunTime:0.001000s ]
INFO: [ app_end ] --END-- [ RunTime:0.001000s ]

[ 2015-10-19T22:39:22+08:00 ] ::1 /lxl520/kehu/wlcbs/?action=1&data=10010
INFO: [ app_init ] --START--
INFO: Run Behavior\BuildLiteBehavior [ RunTime:0.000000s ]
INFO: [ app_init ] --END-- [ RunTime:0.001000s ]
INFO: [ app_begin ] --START--
INFO: Run Behavior\ReadHtmlCacheBehavior [ RunTime:0.000000s ]
INFO: [ app_begin ] --END-- [ RunTime:0.000000s ]
NOTIC: [8] Use of undefined constant data - assumed 'data' F:\SoftInstall\xampp\htdocs\lxl520\kehu\wlcbs\wlcbs\Home\Controller\IndexController.class.php 第 10 行.
ERR: Think\Controller:ajaxRetrun方法不存在！

[ 2015-10-19T22:39:34+08:00 ] ::1 /lxl520/kehu/wlcbs/?action=1&data=10010
INFO: [ app_init ] --START--
INFO: Run Behavior\BuildLiteBehavior [ RunTime:0.000000s ]
INFO: [ app_init ] --END-- [ RunTime:0.000000s ]
INFO: [ app_begin ] --START--
INFO: Run Behavior\ReadHtmlCacheBehavior [ RunTime:0.001000s ]
INFO: [ app_begin ] --END-- [ RunTime:0.001000s ]
NOTIC: [8] Use of undefined constant data - assumed 'data' F:\SoftInstall\xampp\htdocs\lxl520\kehu\wlcbs\wlcbs\Home\Controller\IndexController.class.php 第 10 行.
ERR: Think\Controller:ajaxRetrun方法不存在！

[ 2015-10-19T22:40:02+08:00 ] ::1 /lxl520/kehu/wlcbs/?action=1
INFO: [ app_init ] --START--
INFO: Run Behavior\BuildLiteBehavior [ RunTime:0.000000s ]
INFO: [ app_init ] --END-- [ RunTime:0.001000s ]
INFO: [ app_begin ] --START--
INFO: Run Behavior\ReadHtmlCacheBehavior [ RunTime:0.001000s ]
INFO: [ app_begin ] --END-- [ RunTime:0.002000s ]
NOTIC: [8] Use of undefined constant data - assumed 'data' F:\SoftInstall\xampp\htdocs\lxl520\kehu\wlcbs\wlcbs\Home\Controller\IndexController.class.php 第 10 行.
ERR: Think\Controller:ajaxRetrun方法不存在！

[ 2015-10-19T22:40:04+08:00 ] ::1 /lxl520/kehu/wlcbs/?action=1
INFO: [ app_init ] --START--
INFO: Run Behavior\BuildLiteBehavior [ RunTime:0.000000s ]
INFO: [ app_init ] --END-- [ RunTime:0.000000s ]
INFO: [ app_begin ] --START--
INFO: Run Behavior\ReadHtmlCacheBehavior [ RunTime:0.001000s ]
INFO: [ app_begin ] --END-- [ RunTime:0.001000s ]
NOTIC: [8] Use of undefined constant data - assumed 'data' F:\SoftInstall\xampp\htdocs\lxl520\kehu\wlcbs\wlcbs\Home\Controller\IndexController.class.php 第 10 行.
ERR: Think\Controller:ajaxRetrun方法不存在！

[ 2015-10-19T22:40:05+08:00 ] ::1 /lxl520/kehu/wlcbs/?action=1
INFO: [ app_init ] --START--
INFO: Run Behavior\BuildLiteBehavior [ RunTime:0.000000s ]
INFO: [ app_init ] --END-- [ RunTime:0.001000s ]
INFO: [ app_begin ] --START--
INFO: Run Behavior\ReadHtmlCacheBehavior [ RunTime:0.001000s ]
INFO: [ app_begin ] --END-- [ RunTime:0.001000s ]
NOTIC: [8] Use of undefined constant data - assumed 'data' F:\SoftInstall\xampp\htdocs\lxl520\kehu\wlcbs\wlcbs\Home\Controller\IndexController.class.php 第 10 行.
ERR: Think\Controller:ajaxRetrun方法不存在！

[ 2015-10-19T22:40:30+08:00 ] ::1 /lxl520/kehu/wlcbs/?action=1
INFO: [ app_init ] --START--
INFO: Run Behavior\BuildLiteBehavior [ RunTime:0.000000s ]
INFO: [ app_init ] --END-- [ RunTime:0.000000s ]
INFO: [ app_begin ] --START--
INFO: Run Behavior\ReadHtmlCacheBehavior [ RunTime:0.000000s ]
INFO: [ app_begin ] --END-- [ RunTime:0.000000s ]
NOTIC: [8] Use of undefined constant data - assumed 'data' F:\SoftInstall\xampp\htdocs\lxl520\kehu\wlcbs\wlcbs\Home\Controller\IndexController.class.php 第 10 行.

[ 2015-10-19T22:42:35+08:00 ] ::1 /lxl520/kehu/wlcbs/?action=1&data=10010
INFO: [ app_init ] --START--
INFO: Run Behavior\BuildLiteBehavior [ RunTime:0.000000s ]
INFO: [ app_init ] --END-- [ RunTime:0.001000s ]
INFO: [ app_begin ] --START--
INFO: Run Behavior\ReadHtmlCacheBehavior [ RunTime:0.001000s ]
INFO: [ app_begin ] --END-- [ RunTime:0.001000s ]
NOTIC: [8] Use of undefined constant data - assumed 'data' F:\SoftInstall\xampp\htdocs\lxl520\kehu\wlcbs\wlcbs\Home\Controller\IndexController.class.php 第 10 行.
INFO: [ app_end ] --START--
INFO: Run Behavior\ShowPageTraceBehavior [ RunTime:0.001000s ]
INFO: [ app_end ] --END-- [ RunTime:0.001000s ]

[ 2015-10-19T22:42:44+08:00 ] ::1 /lxl520/kehu/wlcbs/?action=1&data=20010
INFO: [ app_init ] --START--
INFO: Run Behavior\BuildLiteBehavior [ RunTime:0.000000s ]
INFO: [ app_init ] --END-- [ RunTime:0.000000s ]
INFO: [ app_begin ] --START--
INFO: Run Behavior\ReadHtmlCacheBehavior [ RunTime:0.001000s ]
INFO: [ app_begin ] --END-- [ RunTime:0.001000s ]
NOTIC: [8] Use of undefined constant data - assumed 'data' F:\SoftInstall\xampp\htdocs\lxl520\kehu\wlcbs\wlcbs\Home\Controller\IndexController.class.php 第 10 行.
INFO: [ app_end ] --START--
INFO: Run Behavior\ShowPageTraceBehavior [ RunTime:0.001000s ]
INFO: [ app_end ] --END-- [ RunTime:0.001000s ]

[ 2015-10-19T22:42:58+08:00 ] ::1 /lxl520/kehu/wlcbs/?action=1&data=20010&data=20020
INFO: [ app_init ] --START--
INFO: Run Behavior\BuildLiteBehavior [ RunTime:0.000000s ]
INFO: [ app_init ] --END-- [ RunTime:0.001000s ]
INFO: [ app_begin ] --START--
INFO: Run Behavior\ReadHtmlCacheBehavior [ RunTime:0.001000s ]
INFO: [ app_begin ] --END-- [ RunTime:0.001000s ]
NOTIC: [8] Use of undefined constant data - assumed 'data' F:\SoftInstall\xampp\htdocs\lxl520\kehu\wlcbs\wlcbs\Home\Controller\IndexController.class.php 第 10 行.
INFO: [ app_end ] --START--
INFO: Run Behavior\ShowPageTraceBehavior [ RunTime:0.001000s ]
INFO: [ app_end ] --END-- [ RunTime:0.001000s ]

[ 2015-10-19T22:44:02+08:00 ] ::1 /lxl520/kehu/wlcbs/?action=1&data=20010&data=20020
INFO: [ app_init ] --START--
INFO: Run Behavior\BuildLiteBehavior [ RunTime:0.000000s ]
INFO: [ app_init ] --END-- [ RunTime:0.001001s ]
INFO: [ app_begin ] --START--
INFO: Run Behavior\ReadHtmlCacheBehavior [ RunTime:0.001000s ]
INFO: [ app_begin ] --END-- [ RunTime:0.001000s ]
NOTIC: [8] Use of undefined constant data - assumed 'data' F:\SoftInstall\xampp\htdocs\lxl520\kehu\wlcbs\wlcbs\Home\Controller\IndexController.class.php 第 10 行.
INFO: [ app_end ] --START--
INFO: Run Behavior\ShowPageTraceBehavior [ RunTime:0.001000s ]
INFO: [ app_end ] --END-- [ RunTime:0.001000s ]

[ 2015-10-19T22:49:31+08:00 ] ::1 /lxl520/kehu/wlcbs/?action=1&data=20010&data=20020
INFO: [ app_init ] --START--
INFO: Run Behavior\BuildLiteBehavior [ RunTime:0.000000s ]
INFO: [ app_init ] --END-- [ RunTime:0.000000s ]
INFO: [ app_begin ] --START--
INFO: Run Behavior\ReadHtmlCacheBehavior [ RunTime:0.001000s ]
INFO: [ app_begin ] --END-- [ RunTime:0.001000s ]
SQL: SHOW COLUMNS FROM `wlcbs_data` [ RunTime:0.0030s ]
SQL: INSERT INTO `wlcbs_data` (`ctime`,`uid`) VALUES ('1445266171','1') [ RunTime:0.0540s ]

[ 2015-10-19T23:08:54+08:00 ] ::1 /lxl520/kehu/wlcbs/?action=1&data=20010
INFO: [ app_init ] --START--
INFO: Run Behavior\BuildLiteBehavior [ RunTime:0.000000s ]
INFO: [ app_init ] --END-- [ RunTime:0.000000s ]
INFO: [ app_begin ] --START--
INFO: Run Behavior\ReadHtmlCacheBehavior [ RunTime:0.000000s ]
INFO: [ app_begin ] --END-- [ RunTime:0.000000s ]
SQL: SHOW COLUMNS FROM `wlcbs_data` [ RunTime:0.0020s ]
SQL: INSERT INTO `wlcbs_data` (`data`,`ctime`,`uid`) VALUES ('20010','1445267334','1') [ RunTime:0.1270s ]

[ 2015-10-19T23:09:39+08:00 ] ::1 /lxl520/kehu/wlcbs/?action=1&data=20010
INFO: [ app_init ] --START--
INFO: Run Behavior\BuildLiteBehavior [ RunTime:0.000000s ]
INFO: [ app_init ] --END-- [ RunTime:0.001000s ]
INFO: [ app_begin ] --START--
INFO: Run Behavior\ReadHtmlCacheBehavior [ RunTime:0.000000s ]
INFO: [ app_begin ] --END-- [ RunTime:0.000000s ]
SQL: SHOW COLUMNS FROM `wlcbs_data` [ RunTime:0.0030s ]
SQL: INSERT INTO `wlcbs_data` (`data`,`ctime`,`uid`) VALUES ('20010','1445267379','1') [ RunTime:0.1010s ]

[ 2015-10-19T23:12:52+08:00 ] ::1 /lxl520/kehu/wlcbs/?action=1&data=2001
INFO: [ app_init ] --START--
INFO: Run Behavior\BuildLiteBehavior [ RunTime:0.000000s ]
INFO: [ app_init ] --END-- [ RunTime:0.000000s ]
INFO: [ app_begin ] --START--
INFO: Run Behavior\ReadHtmlCacheBehavior [ RunTime:0.001000s ]
INFO: [ app_begin ] --END-- [ RunTime:0.001000s ]
INFO: [ app_end ] --START--
INFO: Run Behavior\ShowPageTraceBehavior [ RunTime:0.000000s ]
INFO: [ app_end ] --END-- [ RunTime:0.000000s ]

[ 2015-10-19T23:13:09+08:00 ] ::1 /lxl520/kehu/wlcbs/?action=1&data=2001
INFO: [ app_init ] --START--
INFO: Run Behavior\BuildLiteBehavior [ RunTime:0.000000s ]
INFO: [ app_init ] --END-- [ RunTime:0.000000s ]
INFO: [ app_begin ] --START--
INFO: Run Behavior\ReadHtmlCacheBehavior [ RunTime:0.000000s ]
INFO: [ app_begin ] --END-- [ RunTime:0.000000s ]

[ 2015-10-19T23:48:20+08:00 ] ::1 /lxl520/kehu/wlcbs/?action=1&data=20010
INFO: [ app_init ] --START--
INFO: Run Behavior\BuildLiteBehavior [ RunTime:0.000000s ]
INFO: [ app_init ] --END-- [ RunTime:0.000000s ]
INFO: [ app_begin ] --START--
INFO: Run Behavior\ReadHtmlCacheBehavior [ RunTime:0.000000s ]
INFO: [ app_begin ] --END-- [ RunTime:0.000000s ]

