[ 2015-10-14T14:13:18+08:00 ] ::1 /lxl520/kehu/wlcbs/index.php/add
INFO: [ app_init ] --START--
INFO: Run Behavior\BuildLiteBehavior [ RunTime:0.000000s ]
INFO: [ app_init ] --END-- [ RunTime:0.002000s ]
ERR: 无法加载模块:Add

[ 2015-10-14T14:13:56+08:00 ] ::1 /lxl520/kehu/wlcbs/index.php/Register/add
INFO: [ app_init ] --START--
INFO: Run Behavior\BuildLiteBehavior [ RunTime:0.000000s ]
INFO: [ app_init ] --END-- [ RunTime:0.001001s ]
ERR: 无法加载模块:Register

[ 2015-10-14T14:32:53+08:00 ] ::1 /lxl520/kehu/wlcbs/index.php/Register/add
INFO: [ app_init ] --START--
INFO: Run Behavior\BuildLiteBehavior [ RunTime:0.000000s ]
INFO: [ app_init ] --END-- [ RunTime:0.001000s ]
ERR: 无法加载模块:Register

[ 2015-10-14T14:34:51+08:00 ] ::1 /lxl520/kehu/wlcbs/index.php/Register/add
INFO: [ app_init ] --START--
INFO: Run Behavior\BuildLiteBehavior [ RunTime:0.000000s ]
INFO: [ app_init ] --END-- [ RunTime:0.001000s ]
ERR: 无法加载模块:Register

